"../../../../../../Unreal Projects/GGJ2020-BoltCheck/Content/Audio/BO1_-_Intro.uasset" 0
"../../../../../../Unreal Projects/GGJ2020-BoltCheck/Content/Audio/DUD3_-_Intro.uasset" 1
"../../../../../../Unreal Projects/GGJ2020-BoltCheck/Content/Audio/F3LLA_-_BOLTCHECK_2.uasset" 2
"../../../../../../Unreal Projects/GGJ2020-BoltCheck/Content/Audio/F3LLA_-_BOLTCHECK_3.uasset" 3
"../../../../../../Unreal Projects/GGJ2020-BoltCheck/Content/Audio/F3LLA_-_BOLTCHECK_4.uasset" 4
"../../../../../../Unreal Projects/GGJ2020-BoltCheck/Content/Audio/F3LLA_-_Intro.uasset" 5
"../../../../../../Unreal Projects/GGJ2020-BoltCheck/Content/Audio/KRN4L_-_Intro.uasset" 6
"../../../../../../Unreal Projects/GGJ2020-BoltCheck/Content/Audio/Menu/confirm.uasset" 7
"../../../../../../Unreal Projects/GGJ2020-BoltCheck/Content/Audio/Menu/select.uasset" 8
"../../../../../../Unreal Projects/GGJ2020-BoltCheck/Content/Audio/SoundEffects/algo.uasset" 9
"../../../../../../Unreal Projects/GGJ2020-BoltCheck/Content/Audio/SoundEffects/BOLTCHECK.uasset" 10
"../../../../../../Unreal Projects/GGJ2020-BoltCheck/Content/Audio/SoundEffects/bump.uasset" 11
"../../../../../../Unreal Projects/GGJ2020-BoltCheck/Content/Audio/SoundEffects/drop.uasset" 12
"../../../../../../Unreal Projects/GGJ2020-BoltCheck/Content/Audio/SoundEffects/drop2.uasset" 13
"../../../../../../Unreal Projects/GGJ2020-BoltCheck/Content/Audio/SoundEffects/hit.uasset" 14
"../../../../../../Unreal Projects/GGJ2020-BoltCheck/Content/Blueprints/Spectator.uasset" 15
"../../../../../../Unreal Projects/GGJ2020-BoltCheck/Content/Musica/level1.uasset" 16
"../../../../../../Unreal Projects/GGJ2020-BoltCheck/Content/Musica/level2.uasset" 17
"../../../../../../Unreal Projects/GGJ2020-BoltCheck/Content/Musica/level3.uasset" 18
"../../../../../../Unreal Projects/GGJ2020-BoltCheck/Content/Musica/level4.uasset" 19
"../../../../../../Unreal Projects/GGJ2020-BoltCheck/Content/OBJ/crawl_00/AAA.uasset" 20
"../../../../../../Unreal Projects/GGJ2020-BoltCheck/Content/OBJ/items/lambert1.uasset" 21
"../../../../../../Unreal Projects/GGJ2020-BoltCheck/Content/OBJ/items/coil-spring.uasset" 22
"../../../../../../Unreal Projects/GGJ2020-BoltCheck/Content/OBJ/items/lambert2.uasset" 23
"../../../../../../Unreal Projects/GGJ2020-BoltCheck/Content/OBJ/items/lambert3.uasset" 24
"../../../../../../Unreal Projects/GGJ2020-BoltCheck/Content/OBJ/items/magnet.uasset" 25
"../../../../../../Unreal Projects/GGJ2020-BoltCheck/Content/OBJ/robot100/eyes.uasset" 26
"../../../../../../Unreal Projects/GGJ2020-BoltCheck/Content/Textures/magnet.uasset" 27
"../../../../../../Unreal Projects/GGJ2020-BoltCheck/Content/OBJ/robot100/gancho1.uasset" 28
"../../../../../../Unreal Projects/GGJ2020-BoltCheck/Content/Textures/image-assetv2.uasset" 29
"../../../../../../Unreal Projects/GGJ2020-BoltCheck/Content/OBJ/robot100/gauge1.uasset" 30
"../../../../../../Unreal Projects/GGJ2020-BoltCheck/Content/Textures/copper.uasset" 31
"../../../../../../Unreal Projects/GGJ2020-BoltCheck/Content/OBJ/robot100/gears.uasset" 32
"../../../../../../Unreal Projects/GGJ2020-BoltCheck/Content/Textures/new_gold.uasset" 33
"../../../../../../Unreal Projects/GGJ2020-BoltCheck/Content/OBJ/robot100/goldnut.uasset" 34
"../../../../../../Unreal Projects/GGJ2020-BoltCheck/Content/OBJ/robot100/lambert2.uasset" 35
"../../../../../../Unreal Projects/GGJ2020-BoltCheck/Content/OBJ/robot100/metal.uasset" 36
"../../../../../../Unreal Projects/GGJ2020-BoltCheck/Content/OBJ/robot100/pecho.uasset" 37
"../../../../../../Unreal Projects/GGJ2020-BoltCheck/Content/OBJ/robot100/pelvis1.uasset" 38
"../../../../../../Unreal Projects/GGJ2020-BoltCheck/Content/OBJ/robot100/robotpov_PhysicsAsset.uasset" 39
"../../../../../../Unreal Projects/GGJ2020-BoltCheck/Content/OBJ/robot100/robotwalk100_Skeleton.uasset" 40
"../../../../../../Unreal Projects/GGJ2020-BoltCheck/Content/OBJ/robot100/robotpov.uasset" 41
"../../../../../../Unreal Projects/GGJ2020-BoltCheck/Content/OBJ/robot100/robotpov_Anim.uasset" 42
"../../../../../../Unreal Projects/GGJ2020-BoltCheck/Content/OBJ/robot25/eyes.uasset" 43
"../../../../../../Unreal Projects/GGJ2020-BoltCheck/Content/OBJ/robot25/gauge1.uasset" 44
"../../../../../../Unreal Projects/GGJ2020-BoltCheck/Content/OBJ/robot25/gears.uasset" 45
"../../../../../../Unreal Projects/GGJ2020-BoltCheck/Content/OBJ/robot25/lambert2.uasset" 46
"../../../../../../Unreal Projects/GGJ2020-BoltCheck/Content/OBJ/robot25/metal.uasset" 47
"../../../../../../Unreal Projects/GGJ2020-BoltCheck/Content/OBJ/robot25/pecho.uasset" 48
"../../../../../../Unreal Projects/GGJ2020-BoltCheck/Content/OBJ/robot25/pelvis1.uasset" 49
"../../../../../../Unreal Projects/GGJ2020-BoltCheck/Content/OBJ/robot50/eyes.uasset" 50
"../../../../../../Unreal Projects/GGJ2020-BoltCheck/Content/OBJ/robot50/gauge1.uasset" 51
"../../../../../../Unreal Projects/GGJ2020-BoltCheck/Content/OBJ/robot50/gears.uasset" 52
"../../../../../../Unreal Projects/GGJ2020-BoltCheck/Content/OBJ/robot50/goldnut.uasset" 53
"../../../../../../Unreal Projects/GGJ2020-BoltCheck/Content/OBJ/robot50/lambert2.uasset" 54
"../../../../../../Unreal Projects/GGJ2020-BoltCheck/Content/OBJ/robot50/metal.uasset" 55
"../../../../../../Unreal Projects/GGJ2020-BoltCheck/Content/OBJ/robot50/pecho.uasset" 56
"../../../../../../Unreal Projects/GGJ2020-BoltCheck/Content/OBJ/robot50/pelvis1.uasset" 57
"../../../../../../Unreal Projects/GGJ2020-BoltCheck/Content/OBJ/robot75/eyes.uasset" 58
"../../../../../../Unreal Projects/GGJ2020-BoltCheck/Content/OBJ/robot75/gancho1.uasset" 59
"../../../../../../Unreal Projects/GGJ2020-BoltCheck/Content/OBJ/robot75/gauge1.uasset" 60
"../../../../../../Unreal Projects/GGJ2020-BoltCheck/Content/OBJ/robot75/gears.uasset" 61
"../../../../../../Unreal Projects/GGJ2020-BoltCheck/Content/OBJ/robot75/goldnut.uasset" 62
"../../../../../../Unreal Projects/GGJ2020-BoltCheck/Content/OBJ/robot75/lambert2.uasset" 63
"../../../../../../Unreal Projects/GGJ2020-BoltCheck/Content/OBJ/robot75/metal.uasset" 64
"../../../../../../Unreal Projects/GGJ2020-BoltCheck/Content/OBJ/robot75/pecho.uasset" 65
"../../../../../../Unreal Projects/GGJ2020-BoltCheck/Content/OBJ/robot75/pelvis1.uasset" 66
"../../../../../../Unreal Projects/GGJ2020-BoltCheck/Content/OBJ/robot75/robotAttack75_PhysicsAsset.uasset" 67
"../../../../../../Unreal Projects/GGJ2020-BoltCheck/Content/OBJ/robot75/robotAttack75_Skeleton.uasset" 68
"../../../../../../Unreal Projects/GGJ2020-BoltCheck/Content/OBJ/robot75/robotAttack75.uasset" 69
"../../../../../../Unreal Projects/GGJ2020-BoltCheck/Content/StarterContent/Maps/Advanced_Lighting_BuiltData.uasset" 70
"../../../../../../Unreal Projects/GGJ2020-BoltCheck/Content/StarterContent/Maps/Minimal_Default_BuiltData.uasset" 71
"../../../../../../Unreal Projects/GGJ2020-BoltCheck/Content/StarterContent/Maps/StarterMap_BuiltData.uasset" 72
"../../../../../../Unreal Projects/GGJ2020-BoltCheck/Content/Textures/chess4.uasset" 73
"../../../../../../Unreal Projects/GGJ2020-BoltCheck/Content/Textures/wood-plank-pictures-wood-planks-wide-zoom-wood-planks-texture-wood-plank-ceiling-for-sale-wood-ceiling-planks-home-old-wooden-planks-pictures.uasset" 74
"../../../../../../Unreal Projects/GGJ2020-BoltCheck/Content/Textures/WoodPlankNormalMap.uasset" 75
"../../../Engine/Content/Animation/DefaultAnimCurveCompressionSettings.uasset" 76
"../../../Engine/Content/Functions/Engine_MaterialFunctions01/Opacity/CameraDepthFade.uasset" 77
"../../../Engine/Content/EngineMaterials/T_Default_Material_Grid_M.uasset" 78
"../../../Engine/Content/EngineMaterials/T_Default_Material_Grid_N.uasset" 79
"../../../Engine/Content/EngineMaterials/WorldGridMaterial.uasset" 80
"../../../Engine/Content/ArtTools/RenderToTexture/Meshes/S_1_Unit_Plane.uasset" 81
"../../../Engine/Content/EngineMaterials/DefaultMaterial.uasset" 82
"../../../Engine/Content/BasicShapes/Cone.uasset" 83
"../../../Engine/Content/BasicShapes/Plane.uasset" 84
"../../../Engine/Content/EditorLandscapeResources/DataLayer.uasset" 85
"../../../Engine/Content/EditorMaterials/MAT_Groups_Toggle.uasset" 86
"../../../Engine/Content/EditorMaterials/MAT_Groups_Visibility.uasset" 87
"../../../Engine/Content/EditorMaterials/PreviewShadowIndicator.uasset" 88
"../../../Engine/Content/EditorMaterials/PreviewShadowIndicatorMaterial.uasset" 89
"../../../Engine/Content/EditorMaterials/MatineeGroups/MAT_ColorTrack.uasset" 90
"../../../Engine/Content/EditorMaterials/MatineeGroups/MAT_Groups_Anim.uasset" 91
"../../../Engine/Content/EditorMaterials/MatineeGroups/MAT_Groups_AudioMaster.uasset" 92
"../../../Engine/Content/EditorMaterials/MatineeGroups/MAT_Groups_Director.uasset" 93
"../../../Engine/Content/EditorMaterials/MatineeGroups/MAT_Groups_Event.uasset" 94
"../../../Engine/Content/EditorMaterials/MatineeGroups/MAT_Groups_Fade.uasset" 95
"../../../Engine/Content/EditorMaterials/MatineeGroups/MAT_Groups_Float.uasset" 96
"../../../Engine/Content/EditorMaterials/MatineeGroups/MAT_Groups_Move.uasset" 97
"../../../Engine/Content/EditorMaterials/MatineeGroups/MAT_Groups_Slomo.uasset" 98
"../../../Engine/Content/EditorMaterials/MatineeGroups/MAT_Groups_Sound.uasset" 99
"../../../Engine/Content/EditorMaterials/MatineeGroups/MAT_Groups_Vector.uasset" 100
"../../../Engine/Content/EditorMaterials/ParticleSystems/PSysThumbnail_NoImage.uasset" 101
"../../../Engine/Content/EditorMaterials/ParticleSystems/PSysThumbnail_OOD.uasset" 102
"../../../Engine/Content/EditorMaterials/Camera/CineMat.uasset" 103
"../../../Engine/Content/EditorMaterials/Camera/MI_CineMat_Rig.uasset" 104
"../../../Engine/Content/EditorMeshes/Camera/SM_CraneRig_Arm.uasset" 105
"../../../Engine/Content/EditorMeshes/Camera/SM_CraneRig_Base.uasset" 106
"../../../Engine/Content/EditorMeshes/Camera/SM_CraneRig_Body.uasset" 107
"../../../Engine/Content/EditorMeshes/Camera/SM_CraneRig_Mount.uasset" 108
"../../../Engine/Content/EditorMeshes/Camera/SM_RailRig_Mount.uasset" 109
"../../../Engine/Content/EditorMeshes/Camera/SM_RailRig_Track.uasset" 110
"../../../Engine/Content/EditorResources/BSPVertex.uasset" 111
"../../../Engine/Content/EditorResources/EmptyActor.uasset" 112
"../../../Engine/Content/EditorResources/S_Actor.uasset" 113
"../../../Engine/Content/EditorResources/S_Note.uasset" 114
"../../../Engine/Content/EditorResources/S_Solver.uasset" 115
"../../../Engine/Content/EditorResources/S_Trigger.uasset" 116
"../../../Engine/Content/EditorResources/LightIcons/S_LightError.uasset" 117
"../../../Engine/Content/EditorResources/SequenceRecorder/Countdown.uasset" 118
"../../../Engine/Content/EditorResources/SequenceRecorder/RecordingIndicator.uasset" 119
"../../../Engine/Content/EditorSounds/Notifications/CompileFailed.uasset" 120
"../../../Engine/Content/EditorSounds/Notifications/CompileFailed_Cue.uasset" 121
"../../../Engine/Content/EditorSounds/Notifications/CompileSuccess.uasset" 122
"../../../Engine/Content/EditorSounds/Notifications/CompileStart_Cue.uasset" 123
"../../../Engine/Content/EditorSounds/Notifications/CompileSuccess_Cue.uasset" 124
"../../../Engine/Content/EngineDamageTypes/DmgTypeBP_Environmental.uasset" 125
"../../../Engine/Content/EngineDebugMaterials/DebugEditorMaterial.uasset" 126
"../../../Engine/Content/EngineDebugMaterials/DebugMeshMaterial.uasset" 127
"../../../Engine/Content/EngineDebugMaterials/M_SimpleTranslucent.uasset" 128
"../../../Engine/Content/Functions/Engine_MaterialFunctions02/Utility/CameraDirectionVector.uasset" 129
"../../../Engine/Content/EngineDebugMaterials/VolumeToRender.uasset" 130
"../../../Engine/Content/EngineDebugMaterials/M_VolumeRenderSphereTracePP.uasset" 131
"../../../Engine/Content/EngineDebugMaterials/WireframeMaterial.uasset" 132
"../../../Engine/Content/EngineFonts/Faces/DroidSansFallback.uasset" 133
"../../../Engine/Content/EngineFonts/Faces/RobotoBold.uasset" 134
"../../../Engine/Content/EngineFonts/Faces/RobotoBoldItalic.uasset" 135
"../../../Engine/Content/EngineFonts/Faces/RobotoItalic.uasset" 136
"../../../Engine/Content/EngineFonts/Faces/RobotoLight.uasset" 137
"../../../Engine/Content/EngineFonts/Faces/RobotoRegular.uasset" 138
"../../../Engine/Content/EngineFonts/Roboto.uasset" 139
"../../../Engine/Content/EngineMaterials/BaseFlattenDiffuseMap.uasset" 140
"../../../Engine/Content/EngineMaterials/BaseFlattenEmissiveMap.uasset" 141
"../../../Engine/Content/EngineMaterials/BaseFlattenGrayscaleMap.uasset" 142
"../../../Engine/Content/EngineMaterials/BaseFlattenNormalMap.uasset" 143
"../../../Engine/Content/EngineMaterials/BaseFlattenMaterial.uasset" 144
"../../../Engine/Content/EngineMaterials/BlueNoise.uasset" 145
"../../../Engine/Content/EngineMaterials/DefaultBloomKernel.uasset" 146
"../../../Engine/Content/EngineMaterials/DefaultBokeh.uasset" 147
"../../../Engine/Content/EngineMaterials/DefaultDiffuse.uasset" 148
"../../../Engine/Content/EngineMaterials/DefaultDeferredDecalMaterial.uasset" 149
"../../../Engine/Content/EngineMaterials/DefaultLightFunctionMaterial.uasset" 150
"../../../Engine/Content/Functions/Engine_MaterialFunctions02/Utility/BreakOutFloat2Components.uasset" 151
"../../../Engine/Content/EngineMaterials/DefaultPostProcessMaterial.uasset" 152
"../../../Engine/Content/EngineFonts/RobotoDistanceField.uasset" 153
"../../../Engine/Content/EngineMaterials/DefaultTextMaterialOpaque.uasset" 154
"../../../Engine/Content/EngineMaterials/DefaultVirtualTextureMaterial.uasset" 155
"../../../Engine/Content/EngineMaterials/DefaultWhiteGrid.uasset" 156
"../../../Engine/Content/EngineMaterials/DefaultWhiteGrid_Low.uasset" 157
"../../../Engine/Content/EngineMaterials/EmissiveMeshMaterial.uasset" 158
"../../../Engine/Content/EngineMaterials/GizmoMaterial.uasset" 159
"../../../Engine/Content/EngineMaterials/Good64x64TilingNoiseHighFreq.uasset" 160
"../../../Engine/Content/EngineMaterials/HairDefaultMaterial.uasset" 161
"../../../Engine/Content/EngineMaterials/MiniFont.uasset" 162
"../../../Engine/Content/EngineMaterials/InvalidLightmapSettings.uasset" 163
"../../../Engine/Content/EngineMaterials/M_InvalidLightmapSettings.uasset" 164
"../../../Engine/Content/Functions/Engine_MaterialFunctions02/WorldPositionOffset/CameraOffset.uasset" 165
"../../../Engine/Content/EngineMaterials/PhAT_JointLimitMaterial.uasset" 166
"../../../Engine/Content/EngineMaterials/PreintegratedSkinBRDF.uasset" 167
"../../../Engine/Content/EngineMaterials/RemoveSurfaceMaterial.uasset" 168
"../../../Engine/Content/EngineMaterials/WeightMapPlaceholderTexture.uasset" 169
"../../../Engine/Content/EngineResources/WhiteSquareTexture.uasset" 170
"../../../Engine/Content/EngineMaterials/Widget3DPassThrough.uasset" 171
"../../../Engine/Content/EngineMaterials/Widget3DPassThrough_Masked.uasset" 172
"../../../Engine/Content/EngineMaterials/Widget3DPassThrough_Opaque.uasset" 173
"../../../Engine/Content/EngineMaterials/Widget3DPassThrough_Masked_OneSided.uasset" 174
"../../../Engine/Content/EngineMaterials/Widget3DPassThrough_Opaque_OneSided.uasset" 175
"../../../Engine/Content/EngineMaterials/Widget3DPassThrough_Translucent.uasset" 176
"../../../Engine/Content/EngineMaterials/Widget3DPassThrough_Translucent_OneSided.uasset" 177
"../../../Engine/Content/EngineMeshes/Cylinder.uasset" 178
"../../../Engine/Content/EngineMeshes/Sphere.uasset" 179
"../../../Engine/Content/EngineResources/Black.uasset" 180
"../../../Engine/Content/EngineResources/DefaultTexture.uasset" 181
"../../../Engine/Content/EngineResources/DefaultTextureCube.uasset" 182
"../../../Engine/Content/EngineResources/DefaultVolumeTexture2D.uasset" 183
"../../../Engine/Content/EngineResources/DefaultVolumeTexture.uasset" 184
"../../../Engine/Content/EngineResources/GradientTexture0.uasset" 185
"../../../Engine/Content/EngineSounds/Master.uasset" 186
"../../../Engine/Content/Functions/Engine_MaterialFunctions01/Shading/ConvertFromDiffSpec.uasset" 187
"../../../Engine/Content/Functions/Engine_MaterialFunctions01/Shading/PowerToRoughness.uasset" 188
"../../../Engine/Content/Maps/Templates/Thumbnails/Default.uasset" 189
"../../../Engine/Content/Maps/Templates/Thumbnails/TimeOfDay.uasset" 190
"../../../Engine/Content/Maps/Templates/Thumbnails/VR-Basic.uasset" 191
"../../../Engine/Content/MobileResources/T_MobileControls_texture.uasset" 192
"../../../Engine/Content/MobileResources/T_MobileMenu2.uasset" 193
"../../../Engine/Content/MobileResources/HUD/AnalogHat.uasset" 194
"../../../Engine/Content/MobileResources/HUD/VirtualJoystick_Background.uasset" 195
"../../../Engine/Content/MobileResources/HUD/VirtualJoystick_Thumb.uasset" 196
"../../../Engine/Content/MobileResources/HUD/DefaultVirtualJoysticks.uasset" 197
"../../../Engine/Content/MobileResources/HUD/LeftVirtualJoystickOnly.uasset" 198
"../../../Engine/Content/MobileResources/HUD/MobileHUDButton1_off.uasset" 199
"../../../Engine/Content/MobileResources/HUD/MobileHUDButton1_on.uasset" 200
"../../../Engine/Content/MobileResources/HUD/MobileHUDButton2_off.uasset" 201
"../../../Engine/Content/MobileResources/HUD/MobileHUDButton2_on.uasset" 202
"../../../Engine/Content/MobileResources/HUD/MobileHUDButton3.uasset" 203
"../../../Engine/Content/MobileResources/HUD/MobileHUDButtonFire.uasset" 204
"../../../Engine/Content/MobileResources/HUD/MobileHUDDirectionPad.uasset" 205
"../../../Engine/Content/MobileResources/HUD/MobileHUDDirectionPad2.uasset" 206
"../../../Engine/Content/MobileResources/HUD/MobileHUDDirectionPad3.uasset" 207
"../../../Engine/Content/MobileResources/HUD/MobileHUDDirectionStick.uasset" 208
"../../../Engine/Content/MobileResources/HUD/T_Castle_ThumbstickInner.uasset" 209
"../../../Engine/Content/MobileResources/HUD/T_Castle_ThumbstickOutter.uasset" 210
"../../../Engine/Content/Tutorial/ContentIntroCurve.uasset" 211
"../../../Engine/Content/Tutorial/Basics/LevelEditorAttract.uasset" 212
"../../../Engine/Content/VREditor/LaserPointer/VR_LaserPower_01.uasset" 213
"../../../Engine/Content/VREditor/TransformGizmo/TransformGizmoMaterial.uasset" 214
"../../../Engine/Content/VREditor/TransformGizmo/TranslucentTransformGizmoMaterial.uasset" 215
"../../../Engine/Content/VREditor/TransformGizmo/BoundingBoxCorner.uasset" 216
"../../../Engine/Content/VREditor/TransformGizmo/BoundingBoxEdge.uasset" 217
"../../../Engine/Content/VREditor/TransformGizmo/PlaneTranslationHandle.uasset" 218
"../../../Engine/Content/VREditor/TransformGizmo/Main.uasset" 219
"../../../Engine/Content/VREditor/TransformGizmo/Xray.uasset" 220
"../../../Engine/Content/VREditor/TransformGizmo/SM_Sequencer_Key.uasset" 221
"../../../Engine/Content/VREditor/TransformGizmo/SM_Sequencer_Node.uasset" 222
"../../Plugins/2D/Paper2D/Content/PlaceholderTextures/DummySpriteTexture.uasset" 223
"../../Plugins/2D/Paper2D/Content/DummySprite.uasset" 224
"../../Plugins/2D/Paper2D/Content/DefaultPaperTerrainMaterial.uasset" 225
"../../Plugins/2D/Paper2D/Content/DummySpriteTexture.uasset" 226
"../../Plugins/2D/Paper2D/Content/DefaultSpriteMaterial.uasset" 227
"../../Plugins/2D/Paper2D/Content/MaskedUnlitSpriteMaterial.uasset" 228
"../../Plugins/2D/Paper2D/Content/OpaqueUnlitSpriteMaterial.uasset" 229
"../../../Engine/Content/Functions/Engine_MaterialFunctions02/Utility/BreakOutFloat4Components.uasset" 230
"../../../Engine/Content/Functions/Engine_MaterialFunctions02/Utility/MakeFloat2.uasset" 231
"../../../Engine/Content/Functions/Engine_MaterialFunctions02/Utility/MakeFloat3.uasset" 232
"../../Plugins/Runtime/Oculus/OculusVR/Content/Materials/OculusMR_ChromaKey.uasset" 233
"../../Plugins/Runtime/Oculus/OculusVR/Content/Materials/OculusMR_ChromaKey_Lit.uasset" 234
"../../Plugins/Runtime/Oculus/OculusVR/Content/Materials/OculusMR_OpaqueColoredMaterial.uasset" 235
"../../Plugins/Runtime/Oculus/OculusVR/Content/Materials/OculusMR_WhiteMaterial.uasset" 236
"../../../../../../Unreal Projects/GGJ2020-BoltCheck/Content/OBJ/robot100/robotboltcheck100.uasset" 237
"../../../Engine/Content/EditorBlueprintResources/StandardMacros.uasset" 238
"../../../Engine/Content/EngineSky/C_Sky_Cloud_Color.uasset" 239
"../../../Engine/Content/EngineSky/C_Sky_Horizon_Color.uasset" 240
"../../../Engine/Content/EngineSky/C_Sky_Zenith_Color.uasset" 241
"../../../Engine/Content/EngineSky/T_Sky_Blue.uasset" 242
"../../../Engine/Content/EngineSky/T_Sky_Clouds_M.uasset" 243
"../../../Engine/Content/EngineSky/T_Sky_Stars.uasset" 244
"../../../Engine/Content/EngineSky/M_Sky_Panning_Clouds2.uasset" 245
"../../../Engine/Content/EngineSky/SM_SkySphere.uasset" 246
"../../../Engine/Content/EngineSky/BP_Sky_Sphere.uasset" 247
"../../../../../../Unreal Projects/GGJ2020-BoltCheck/Content/B_01/B_01_PC.uasset" 248
"../../../../../../Unreal Projects/GGJ2020-BoltCheck/Content/OBJ/robot100/robotattack100.uasset" 249
"../../../../../../Unreal Projects/GGJ2020-BoltCheck/Content/OBJ/robot100/robotwalk100_Anim.uasset" 250
"../../../../../../Unreal Projects/GGJ2020-BoltCheck/Content/OBJ/robot100/robotwalk100_AnimSlow.uasset" 251
"../../../../../../Unreal Projects/GGJ2020-BoltCheck/Content/B_01/Walking100.uasset" 252
"../../../../../../Unreal Projects/GGJ2020-BoltCheck/Content/B_01/RobotState.uasset" 253
"../../../../../../Unreal Projects/GGJ2020-BoltCheck/Content/B_01/B_01_100_Anim.uasset" 254
"../../../../../../Unreal Projects/GGJ2020-BoltCheck/Content/OBJ/robot75/robotAttack75_Anim.uasset" 255
"../../../../../../Unreal Projects/GGJ2020-BoltCheck/Content/OBJ/robot75/robotWalking75_Anim.uasset" 256
"../../../../../../Unreal Projects/GGJ2020-BoltCheck/Content/OBJ/robot75/robotWalking75_Anim_Slow.uasset" 257
"../../../../../../Unreal Projects/GGJ2020-BoltCheck/Content/B_01/Walkin75.uasset" 258
"../../../../../../Unreal Projects/GGJ2020-BoltCheck/Content/B_01/B_01_75_Anim.uasset" 259
"../../../../../../Unreal Projects/GGJ2020-BoltCheck/Content/OBJ/robot25/robotcrawl25_Skeleton.uasset" 260
"../../../../../../Unreal Projects/GGJ2020-BoltCheck/Content/OBJ/robot25/robotcrawl25_Anim.uasset" 261
"../../../../../../Unreal Projects/GGJ2020-BoltCheck/Content/OBJ/robot25/robotcrawl25_AnimSLow.uasset" 262
"../../../../../../Unreal Projects/GGJ2020-BoltCheck/Content/B_01/Crawl.uasset" 263
"../../../../../../Unreal Projects/GGJ2020-BoltCheck/Content/B_01/B_01_Anim.uasset" 264
"../../../../../../Unreal Projects/GGJ2020-BoltCheck/Content/OBJ/robot50/robotcrawl50_Skeleton.uasset" 265
"../../../../../../Unreal Projects/GGJ2020-BoltCheck/Content/OBJ/robot50/robotcrawl50_Anim.uasset" 266
"../../../../../../Unreal Projects/GGJ2020-BoltCheck/Content/OBJ/robot50/robotcrawl50_Anim_SLOW.uasset" 267
"../../../../../../Unreal Projects/GGJ2020-BoltCheck/Content/B_01/Crawl_50.uasset" 268
"../../../../../../Unreal Projects/GGJ2020-BoltCheck/Content/B_01/B_01_Crawl_50_Anim.uasset" 269
"../../../../../../Unreal Projects/GGJ2020-BoltCheck/Content/B_01/ViveCheckMontage.uasset" 270
"../../../../../../Unreal Projects/GGJ2020-BoltCheck/Content/Blueprints/BP_Camera.uasset" 271
"../../../../../../Unreal Projects/GGJ2020-BoltCheck/Content/OBJ/robot50/gancho1.uasset" 272
"../../../../../../Unreal Projects/GGJ2020-BoltCheck/Content/OBJ/items/alum.uasset" 273
"../../../../../../Unreal Projects/GGJ2020-BoltCheck/Content/OBJ/items/black.uasset" 274
"../../../../../../Unreal Projects/GGJ2020-BoltCheck/Content/OBJ/items/dorado.uasset" 275
"../../../../../../Unreal Projects/GGJ2020-BoltCheck/Content/OBJ/items/metal.uasset" 276
"../../../../../../Unreal Projects/GGJ2020-BoltCheck/Content/OBJ/items/battery.uasset" 277
"../../../../../../Unreal Projects/GGJ2020-BoltCheck/Content/Blueprints/BP_Item.uasset" 278
"../../../Engine/Content/BasicShapes/BasicShapeMaterial.uasset" 279
"../../../Engine/Content/BasicShapes/Cylinder.uasset" 280
"../../../Engine/Content/BasicShapes/Sphere.uasset" 281
"../../../../../../Unreal Projects/GGJ2020-BoltCheck/Content/Audio/BO1_-_BOLTCHECK.uasset" 282
"../../../../../../Unreal Projects/GGJ2020-BoltCheck/Content/Audio/BO1_-_Hurt_1.uasset" 283
"../../../../../../Unreal Projects/GGJ2020-BoltCheck/Content/Audio/BO1_-_Hurt_2.uasset" 284
"../../../../../../Unreal Projects/GGJ2020-BoltCheck/Content/Audio/DUD3_-_BOLTCHECK.uasset" 285
"../../../../../../Unreal Projects/GGJ2020-BoltCheck/Content/Audio/DUD3_-_Hurt_1.uasset" 286
"../../../../../../Unreal Projects/GGJ2020-BoltCheck/Content/Audio/DUD3_-_Hurt_2.uasset" 287
"../../../../../../Unreal Projects/GGJ2020-BoltCheck/Content/Audio/F3LLA_-_BOLTCHECK.uasset" 288
"../../../../../../Unreal Projects/GGJ2020-BoltCheck/Content/Audio/F3LLA_-_Hurt_1.uasset" 289
"../../../../../../Unreal Projects/GGJ2020-BoltCheck/Content/Audio/F3LLA_-_Hurt_2.uasset" 290
"../../../../../../Unreal Projects/GGJ2020-BoltCheck/Content/Audio/KRN4L_-_BOLTCHECK.uasset" 291
"../../../../../../Unreal Projects/GGJ2020-BoltCheck/Content/Audio/KRN4L_-_Hurt_1.uasset" 292
"../../../../../../Unreal Projects/GGJ2020-BoltCheck/Content/Audio/KRN4L_-_Hurt_2.uasset" 293
"../../../../../../Unreal Projects/GGJ2020-BoltCheck/Content/OBJ/robot100/hand.uasset" 294
"../../../../../../Unreal Projects/GGJ2020-BoltCheck/Content/OBJ/robot100/robotwalk100_PhysicsAsset.uasset" 295
"../../../../../../Unreal Projects/GGJ2020-BoltCheck/Content/OBJ/robot100/robotwalk100.uasset" 296
"../../../../../../Unreal Projects/GGJ2020-BoltCheck/Content/OBJ/robot25/robotcrawl25_PhysicsAsset.uasset" 297
"../../../../../../Unreal Projects/GGJ2020-BoltCheck/Content/OBJ/robot25/robotcrawl25.uasset" 298
"../../../../../../Unreal Projects/GGJ2020-BoltCheck/Content/OBJ/robot50/robotcrawl50_PhysicsAsset.uasset" 299
"../../../../../../Unreal Projects/GGJ2020-BoltCheck/Content/OBJ/robot50/robotcrawl50.uasset" 300
"../../../../../../Unreal Projects/GGJ2020-BoltCheck/Content/OBJ/robot75/robotWalking75_PhysicsAsset.uasset" 301
"../../../../../../Unreal Projects/GGJ2020-BoltCheck/Content/OBJ/robot75/robotWalking75.uasset" 302
"../../../../../../Unreal Projects/GGJ2020-BoltCheck/Content/B_01/B_02.uasset" 303
"../../../../../../Unreal Projects/GGJ2020-BoltCheck/Content/Blueprints/GInstance_Robot.uasset" 304
"../../../../../../Unreal Projects/GGJ2020-BoltCheck/Content/GUI/W_Health.uasset" 305
"../../../../../../Unreal Projects/GGJ2020-BoltCheck/Content/Blueprints/BolMode.uasset" 306
"../../../../../../Unreal Projects/GGJ2020-BoltCheck/Content/Blueprints/BP_Baterry.uasset" 307
"../../../../../../Unreal Projects/GGJ2020-BoltCheck/Content/OBJ/items/blade.uasset" 308
"../../../../../../Unreal Projects/GGJ2020-BoltCheck/Content/Blueprints/BP_Blade.uasset" 309
"../../../../../../Unreal Projects/GGJ2020-BoltCheck/Content/OBJ/items/blackerino.uasset" 310
"../../../../../../Unreal Projects/GGJ2020-BoltCheck/Content/OBJ/items/metalerino.uasset" 311
"../../../../../../Unreal Projects/GGJ2020-BoltCheck/Content/OBJ/items/button.uasset" 312
"../../../../../../Unreal Projects/GGJ2020-BoltCheck/Content/Blueprints/BP_Button.uasset" 313
"../../../../../../Unreal Projects/GGJ2020-BoltCheck/Content/OBJ/items/pines.uasset" 314
"../../../../../../Unreal Projects/GGJ2020-BoltCheck/Content/OBJ/items/whiteness.uasset" 315
"../../../../../../Unreal Projects/GGJ2020-BoltCheck/Content/OBJ/items/capacitor.uasset" 316
"../../../../../../Unreal Projects/GGJ2020-BoltCheck/Content/Blueprints/BP_Capacitor.uasset" 317
"../../../../../../Unreal Projects/GGJ2020-BoltCheck/Content/OBJ/items/gear.uasset" 318
"../../../../../../Unreal Projects/GGJ2020-BoltCheck/Content/Blueprints/BP_Gear.uasset" 319
"../../../../../../Unreal Projects/GGJ2020-BoltCheck/Content/OBJ/items/hook.uasset" 320
"../../../../../../Unreal Projects/GGJ2020-BoltCheck/Content/Blueprints/BP_Hook.uasset" 321
"../../../../../../Unreal Projects/GGJ2020-BoltCheck/Content/OBJ/items/transparente.uasset" 322
"../../../../../../Unreal Projects/GGJ2020-BoltCheck/Content/OBJ/items/led.uasset" 323
"../../../../../../Unreal Projects/GGJ2020-BoltCheck/Content/Blueprints/BP_Led.uasset" 324
"../../../../../../Unreal Projects/GGJ2020-BoltCheck/Content/OBJ/items/spring.uasset" 325
"../../../../../../Unreal Projects/GGJ2020-BoltCheck/Content/Blueprints/BP_Resortes.uasset" 326
"../../../../../../Unreal Projects/GGJ2020-BoltCheck/Content/OBJ/items/roldana.uasset" 327
"../../../../../../Unreal Projects/GGJ2020-BoltCheck/Content/Blueprints/BP_Roldana.uasset" 328
"../../../../../../Unreal Projects/GGJ2020-BoltCheck/Content/OBJ/items/screw.uasset" 329
"../../../../../../Unreal Projects/GGJ2020-BoltCheck/Content/Blueprints/BP_Tornillo.uasset" 330
"../../../../../../Unreal Projects/GGJ2020-BoltCheck/Content/OBJ/items/transistor.uasset" 331
"../../../../../../Unreal Projects/GGJ2020-BoltCheck/Content/Blueprints/BP_Transistor.uasset" 332
"../../../../../../Unreal Projects/GGJ2020-BoltCheck/Content/OBJ/items/tubo.uasset" 333
"../../../../../../Unreal Projects/GGJ2020-BoltCheck/Content/Blueprints/BP_Tubo.uasset" 334
"../../../../../../Unreal Projects/GGJ2020-BoltCheck/Content/Blueprints/BP_ItemSpawner.uasset" 335
"../../../../../../Unreal Projects/GGJ2020-BoltCheck/Content/Textures/old-wood-board-and-plank-textures-seamless-cover.uasset" 336
"../../../../../../Unreal Projects/GGJ2020-BoltCheck/Content/Textures/oldwoodnormal.uasset" 337
"../../../../../../Unreal Projects/GGJ2020-BoltCheck/Content/Materials/M_Wood.uasset" 338
"../../../Engine/Content/BasicShapes/Cube.uasset" 339
"../../../../../../Unreal Projects/GGJ2020-BoltCheck/Content/Blueprints/BP_Stage.uasset" 340
"../../../../../../Unreal Projects/GGJ2020-BoltCheck/Content/Develop_BuiltData.uasset" 341
"../../../../../../Unreal Projects/GGJ2020-BoltCheck/Content/Textures/Untitdrgehydrled.uasset" 342
"../../../../../../Unreal Projects/GGJ2020-BoltCheck/Content/Materials/M_WoodChecker.uasset" 343
"../../../../../../Unreal Projects/GGJ2020-BoltCheck/Content/Textures/c127693b3af8120d642a7e3eeb3e2837.uasset" 344
"../../../../../../Unreal Projects/GGJ2020-BoltCheck/Content/Materials/M_Desk.uasset" 345
"../../../../../../Unreal Projects/GGJ2020-BoltCheck/Content/Materials/MI_Desk.uasset" 346
"../../../Engine/Content/EngineMaterials/DefaultPhysicalMaterial.uasset" 347
"../../../Engine/Content/MapTemplates/SM_Template_Map_Floor.uasset" 348
"../../../../../../Unreal Projects/GGJ2020-BoltCheck/Content/Musica/battle.uasset" 349
"../../../../../../Unreal Projects/GGJ2020-BoltCheck/Content/Musica/battle_Cue.uasset" 350
"../../../../../../Unreal Projects/GGJ2020-BoltCheck/Content/Develop.umap" 351
"../../../../../../Unreal Projects/GGJ2020-BoltCheck/Content/Menu/MenuGameMode.uasset" 352
"../../../../../../Unreal Projects/GGJ2020-BoltCheck/Content/Menu/MainMenuHUD.uasset" 353
"../../../../../../Unreal Projects/GGJ2020-BoltCheck/Content/Menu.umap" 354
"../../../../../../Unreal Projects/GGJ2020-BoltCheck/Content/OBJ/crawl_00/robotcrawl0_cabeza_Skeleton.uasset" 355
"../../../../../../Unreal Projects/GGJ2020-BoltCheck/Content/OBJ/crawl_00/robotcrawl0_cabeza_Anim.uasset" 356
"../../../../../../Unreal Projects/GGJ2020-BoltCheck/Content/OBJ/crawl_00/robotcrawl0_gauge_Skeleton.uasset" 357
"../../../../../../Unreal Projects/GGJ2020-BoltCheck/Content/OBJ/crawl_00/robotcrawl0_gauge_Anim.uasset" 358
"../../../../../../Unreal Projects/GGJ2020-BoltCheck/Content/OBJ/crawl_00/robotcrawl0_hombro_derecho_Skeleton.uasset" 359
"../../../../../../Unreal Projects/GGJ2020-BoltCheck/Content/OBJ/crawl_00/robotcrawl0_hombro_derecho_Anim.uasset" 360
"../../../../../../Unreal Projects/GGJ2020-BoltCheck/Content/OBJ/crawl_00/robotcrawl0_hombro_izquierdo_Skeleton.uasset" 361
"../../../../../../Unreal Projects/GGJ2020-BoltCheck/Content/OBJ/crawl_00/robotcrawl0_hombro_izquierdo_Anim.uasset" 362
"../../../../../../Unreal Projects/GGJ2020-BoltCheck/Content/OBJ/crawl_00/robotcrawl0_ojo_derecho_Skeleton.uasset" 363
"../../../../../../Unreal Projects/GGJ2020-BoltCheck/Content/OBJ/crawl_00/robotcrawl0_ojo_derecho_Anim.uasset" 364
"../../../../../../Unreal Projects/GGJ2020-BoltCheck/Content/OBJ/crawl_00/robotcrawl0_ojo_izquierdo_Skeleton.uasset" 365
"../../../../../../Unreal Projects/GGJ2020-BoltCheck/Content/OBJ/crawl_00/robotcrawl0_ojo_izquierdo_Anim.uasset" 366
"../../../../../../Unreal Projects/GGJ2020-BoltCheck/Content/OBJ/crawl_00/robotcrawl0_pelvis_Skeleton.uasset" 367
"../../../../../../Unreal Projects/GGJ2020-BoltCheck/Content/OBJ/crawl_00/robotcrawl0_pelvis_Anim.uasset" 368
"../../../../../../Unreal Projects/GGJ2020-BoltCheck/Content/OBJ/crawl_00/robotcrawl0_pelvis_izquierdo_Skeleton.uasset" 369
"../../../../../../Unreal Projects/GGJ2020-BoltCheck/Content/OBJ/crawl_00/robotcrawl0_pelvis_izquierdo_Anim.uasset" 370
"../../../../../../Unreal Projects/GGJ2020-BoltCheck/Content/OBJ/crawl_00/robotcrawl0_pelviz_derecho_Skeleton.uasset" 371
"../../../../../../Unreal Projects/GGJ2020-BoltCheck/Content/OBJ/crawl_00/robotcrawl0_pelviz_derecho_Anim.uasset" 372
"../../../../../../Unreal Projects/GGJ2020-BoltCheck/Content/OBJ/crawl_00/robotcrawl0_torso_Skeleton.uasset" 373
"../../../../../../Unreal Projects/GGJ2020-BoltCheck/Content/OBJ/crawl_00/robotcrawl0_torso_Anim.uasset" 374
"../../../../../../Unreal Projects/GGJ2020-BoltCheck/Content/Blueprints/VictoryGameMode.uasset" 375
"../../../../../../Unreal Projects/GGJ2020-BoltCheck/Content/Victory_BuiltData.uasset" 376
"../../../../../../Unreal Projects/GGJ2020-BoltCheck/Content/Audio/BO1_-_Victory.uasset" 377
"../../../../../../Unreal Projects/GGJ2020-BoltCheck/Content/Audio/DUD3_-_Victory.uasset" 378
"../../../../../../Unreal Projects/GGJ2020-BoltCheck/Content/Audio/F3LLA_-_Victory.uasset" 379
"../../../../../../Unreal Projects/GGJ2020-BoltCheck/Content/Audio/KRN4L_-_Victory.uasset" 380
"../../../../../../Unreal Projects/GGJ2020-BoltCheck/Content/Musica/results.uasset" 381
"../../../../../../Unreal Projects/GGJ2020-BoltCheck/Content/OBJ/crawl_00/eyes.uasset" 382
"../../../../../../Unreal Projects/GGJ2020-BoltCheck/Content/OBJ/crawl_00/gauge1.uasset" 383
"../../../../../../Unreal Projects/GGJ2020-BoltCheck/Content/OBJ/crawl_00/gears.uasset" 384
"../../../../../../Unreal Projects/GGJ2020-BoltCheck/Content/OBJ/crawl_00/lambert2.uasset" 385
"../../../../../../Unreal Projects/GGJ2020-BoltCheck/Content/OBJ/crawl_00/pecho.uasset" 386
"../../../../../../Unreal Projects/GGJ2020-BoltCheck/Content/OBJ/crawl_00/pelvis1.uasset" 387
"../../../../../../Unreal Projects/GGJ2020-BoltCheck/Content/OBJ/crawl_00/robotcrawl0_cabeza_PhysicsAsset.uasset" 388
"../../../../../../Unreal Projects/GGJ2020-BoltCheck/Content/OBJ/crawl_00/robotcrawl0_gauge_PhysicsAsset.uasset" 389
"../../../../../../Unreal Projects/GGJ2020-BoltCheck/Content/OBJ/crawl_00/robotcrawl0_hombro_derecho_PhysicsAsset.uasset" 390
"../../../../../../Unreal Projects/GGJ2020-BoltCheck/Content/OBJ/crawl_00/robotcrawl0_hombro_izquierdo_PhysicsAsset.uasset" 391
"../../../../../../Unreal Projects/GGJ2020-BoltCheck/Content/OBJ/crawl_00/robotcrawl0_ojo_derecho_PhysicsAsset.uasset" 392
"../../../../../../Unreal Projects/GGJ2020-BoltCheck/Content/OBJ/crawl_00/robotcrawl0_ojo_izquierdo_PhysicsAsset.uasset" 393
"../../../../../../Unreal Projects/GGJ2020-BoltCheck/Content/OBJ/crawl_00/robotcrawl0_pelvis_izquierdo_PhysicsAsset.uasset" 394
"../../../../../../Unreal Projects/GGJ2020-BoltCheck/Content/OBJ/crawl_00/robotcrawl0_pelvis_PhysicsAsset.uasset" 395
"../../../../../../Unreal Projects/GGJ2020-BoltCheck/Content/OBJ/crawl_00/robotcrawl0_pelviz_derecho_PhysicsAsset.uasset" 396
"../../../../../../Unreal Projects/GGJ2020-BoltCheck/Content/OBJ/crawl_00/robotcrawl0_torso_PhysicsAsset.uasset" 397
"../../../../../../Unreal Projects/GGJ2020-BoltCheck/Content/OBJ/crawl_00/robotcrawl0.uasset" 398
"../../../../../../Unreal Projects/GGJ2020-BoltCheck/Content/Victory.umap" 399
"../../../Engine/Content/Maps/Entry_BuiltData.uasset" 400
"../../../Engine/Content/Maps/Entry.umap" 401
